<?xml version="1.0" encoding="UTF-8"?>
<!-- Generated by org.testng.reporters.JUnitXMLReporter -->
<testsuite hostname="ksu-pc" name="Default test" tests="4" failures="0" timestamp="20 Apr 2015 00:57:05 GMT" time="86.718" errors="0">
  <testcase name="testEmptyGroupCreation" time="12.047" classname="com.example.tests.EmptyGroupCreationTest"/>
  <testcase name="testNonEmptyContactCreation" time="22.311" classname="com.example.tests.NonEmptyContactCreation"/>
  <testcase name="testNonEmptyGroupCreation" time="9.054" classname="com.example.tests.NonEmptyGroupCreationTest"/>
  <testcase name="testEmptyContactCreation" time="19.733" classname="com.example.tests.EmptyContactCreation"/>
</testsuite> <!-- Default test -->
