<?xml version="1.0" encoding="UTF-8"?>
<testng-results skipped="0" failed="0" total="4" passed="4">
  <reporter-output>
  </reporter-output>
  <suite name="Default suite" duration-ms="86718" started-at="2015-04-20T00:55:38Z" finished-at="2015-04-20T00:57:04Z">
    <groups>
    </groups>
    <test name="Default test" duration-ms="86718" started-at="2015-04-20T00:55:38Z" finished-at="2015-04-20T00:57:04Z">
      <class name="com.example.tests.EmptyContactCreation">
        <test-method status="PASS" signature="testEmptyContactCreation()[pri:0, instance:com.example.tests.EmptyContactCreation@13b6d03]" name="testEmptyContactCreation" duration-ms="19733" started-at="2015-04-20T03:56:44Z" finished-at="2015-04-20T03:57:03Z">
          <reporter-output>
          </reporter-output>
        </test-method> <!-- testEmptyContactCreation -->
      </class> <!-- com.example.tests.EmptyContactCreation -->
      <class name="com.example.tests.NonEmptyContactCreation">
        <test-method status="PASS" signature="setUp()[pri:0, instance:com.example.tests.NonEmptyContactCreation@3ac42916]" name="setUp" is-config="true" duration-ms="22280" started-at="2015-04-20T03:55:38Z" finished-at="2015-04-20T03:56:00Z">
          <reporter-output>
          </reporter-output>
        </test-method> <!-- setUp -->
        <test-method status="PASS" signature="testNonEmptyContactCreation()[pri:0, instance:com.example.tests.NonEmptyContactCreation@3ac42916]" name="testNonEmptyContactCreation" duration-ms="22311" started-at="2015-04-20T03:56:12Z" finished-at="2015-04-20T03:56:34Z">
          <reporter-output>
          </reporter-output>
        </test-method> <!-- testNonEmptyContactCreation -->
        <test-method status="PASS" signature="tearDown()[pri:0, instance:com.example.tests.NonEmptyContactCreation@3ac42916]" name="tearDown" is-config="true" duration-ms="1191" started-at="2015-04-20T03:57:03Z" finished-at="2015-04-20T03:57:04Z">
          <reporter-output>
          </reporter-output>
        </test-method> <!-- tearDown -->
      </class> <!-- com.example.tests.NonEmptyContactCreation -->
      <class name="com.example.tests.EmptyGroupCreationTest">
        <test-method status="PASS" signature="testEmptyGroupCreation()[pri:0, instance:com.example.tests.EmptyGroupCreationTest@f5f2bb7]" name="testEmptyGroupCreation" duration-ms="12047" started-at="2015-04-20T03:56:00Z" finished-at="2015-04-20T03:56:12Z">
          <reporter-output>
          </reporter-output>
        </test-method> <!-- testEmptyGroupCreation -->
      </class> <!-- com.example.tests.EmptyGroupCreationTest -->
      <class name="com.example.tests.NonEmptyGroupCreationTest">
        <test-method status="PASS" signature="testNonEmptyGroupCreation()[pri:0, instance:com.example.tests.NonEmptyGroupCreationTest@282ba1e]" name="testNonEmptyGroupCreation" duration-ms="9054" started-at="2015-04-20T03:56:34Z" finished-at="2015-04-20T03:56:44Z">
          <reporter-output>
          </reporter-output>
        </test-method> <!-- testNonEmptyGroupCreation -->
      </class> <!-- com.example.tests.NonEmptyGroupCreationTest -->
    </test> <!-- Default test -->
  </suite> <!-- Default suite -->
</testng-results>
